Warning[205] C:\USERS\PERSONAL\DOCUMENTS\OSCAR\ING\MICROCOMPUTADORAS\VOLMETRO Y TEMPERATURA\VOLMETRO Y TEMPERATURA\MAINVOLTEMP.ASM 1 : Found directive in column 1. (PROCESSOR)
Message[302] C:\USERS\PERSONAL\DOCUMENTS\OSCAR\ING\MICROCOMPUTADORAS\VOLMETRO Y TEMPERATURA\VOLMETRO Y TEMPERATURA\MAINVOLTEMP.ASM 50 : Register in operand not in bank 0.  Ensure that bank bits are correct.
Message[302] C:\USERS\PERSONAL\DOCUMENTS\OSCAR\ING\MICROCOMPUTADORAS\VOLMETRO Y TEMPERATURA\VOLMETRO Y TEMPERATURA\MAINVOLTEMP.ASM 51 : Register in operand not in bank 0.  Ensure that bank bits are correct.
Message[302] C:\USERS\PERSONAL\DOCUMENTS\OSCAR\ING\MICROCOMPUTADORAS\VOLMETRO Y TEMPERATURA\VOLMETRO Y TEMPERATURA\MAINVOLTEMP.ASM 52 : Register in operand not in bank 0.  Ensure that bank bits are correct.
Message[302] C:\USERS\PERSONAL\DOCUMENTS\OSCAR\ING\MICROCOMPUTADORAS\VOLMETRO Y TEMPERATURA\VOLMETRO Y TEMPERATURA\MAINVOLTEMP.ASM 54 : Register in operand not in bank 0.  Ensure that bank bits are correct.
Warning[203] C:\USERS\PERSONAL\DOCUMENTS\OSCAR\ING\MICROCOMPUTADORAS\VOLMETRO Y TEMPERATURA\VOLMETRO Y TEMPERATURA\RUTINASCONVERTIDOR.INC 13 : Found opcode in column 1. (RETURN)
Message[305] C:\USERS\PERSONAL\DOCUMENTS\OSCAR\ING\MICROCOMPUTADORAS\VOLMETRO Y TEMPERATURA\VOLMETRO Y TEMPERATURA\RUTINASCONVERTIDOR.INC 57 : Using default destination of 1 (file).
Message[305] C:\USERS\PERSONAL\DOCUMENTS\OSCAR\ING\MICROCOMPUTADORAS\VOLMETRO Y TEMPERATURA\VOLMETRO Y TEMPERATURA\RUTINASCONVERTIDOR.INC 61 : Using default destination of 1 (file).
Message[305] C:\USERS\PERSONAL\DOCUMENTS\OSCAR\ING\MICROCOMPUTADORAS\VOLMETRO Y TEMPERATURA\VOLMETRO Y TEMPERATURA\RUTINASCONVERTIDOR.INC 65 : Using default destination of 1 (file).
Message[305] C:\USERS\PERSONAL\DOCUMENTS\OSCAR\ING\MICROCOMPUTADORAS\VOLMETRO Y TEMPERATURA\VOLMETRO Y TEMPERATURA\RUTINASCONVERTIDOR.INC 112 : Using default destination of 1 (file).
Message[305] C:\USERS\PERSONAL\DOCUMENTS\OSCAR\ING\MICROCOMPUTADORAS\VOLMETRO Y TEMPERATURA\VOLMETRO Y TEMPERATURA\RUTINASCONVERTIDOR.INC 116 : Using default destination of 1 (file).
Message[305] C:\USERS\PERSONAL\DOCUMENTS\OSCAR\ING\MICROCOMPUTADORAS\VOLMETRO Y TEMPERATURA\VOLMETRO Y TEMPERATURA\RUTINASCONVERTIDOR.INC 120 : Using default destination of 1 (file).
Message[305] C:\USERS\PERSONAL\DOCUMENTS\OSCAR\ING\MICROCOMPUTADORAS\VOLMETRO Y TEMPERATURA\VOLMETRO Y TEMPERATURA\RUTINASCONVERTIDOR.INC 125 : Using default destination of 1 (file).
Message[305] C:\USERS\PERSONAL\DOCUMENTS\OSCAR\ING\MICROCOMPUTADORAS\VOLMETRO Y TEMPERATURA\VOLMETRO Y TEMPERATURA\RUTINASCONVERTIDOR.INC 133 : Using default destination of 1 (file).
Message[305] C:\USERS\PERSONAL\DOCUMENTS\OSCAR\ING\MICROCOMPUTADORAS\VOLMETRO Y TEMPERATURA\VOLMETRO Y TEMPERATURA\RUTINASCONVERTIDOR.INC 134 : Using default destination of 1 (file).
Message[305] C:\USERS\PERSONAL\DOCUMENTS\OSCAR\ING\MICROCOMPUTADORAS\VOLMETRO Y TEMPERATURA\VOLMETRO Y TEMPERATURA\RUTINASCONVERTIDOR.INC 143 : Using default destination of 1 (file).
Message[305] C:\USERS\PERSONAL\DOCUMENTS\OSCAR\ING\MICROCOMPUTADORAS\VOLMETRO Y TEMPERATURA\VOLMETRO Y TEMPERATURA\RUTINASCONVERTIDOR.INC 157 : Using default destination of 1 (file).
Message[305] C:\USERS\PERSONAL\DOCUMENTS\OSCAR\ING\MICROCOMPUTADORAS\VOLMETRO Y TEMPERATURA\VOLMETRO Y TEMPERATURA\RUTINASCONVERTIDOR.INC 178 : Using default destination of 1 (file).
Message[305] C:\USERS\PERSONAL\DOCUMENTS\OSCAR\ING\MICROCOMPUTADORAS\VOLMETRO Y TEMPERATURA\VOLMETRO Y TEMPERATURA\RUTINASCONVERTIDOR.INC 187 : Using default destination of 1 (file).
Message[305] C:\USERS\PERSONAL\DOCUMENTS\OSCAR\ING\MICROCOMPUTADORAS\VOLMETRO Y TEMPERATURA\VOLMETRO Y TEMPERATURA\RUTINASCONVERTIDOR.INC 201 : Using default destination of 1 (file).
Message[305] C:\USERS\PERSONAL\DOCUMENTS\OSCAR\ING\MICROCOMPUTADORAS\VOLMETRO Y TEMPERATURA\VOLMETRO Y TEMPERATURA\RUTINASCONVERTIDOR.INC 207 : Using default destination of 1 (file).
Message[305] C:\USERS\PERSONAL\DOCUMENTS\OSCAR\ING\MICROCOMPUTADORAS\VOLMETRO Y TEMPERATURA\VOLMETRO Y TEMPERATURA\RUTINASCONVERTIDOR.INC 210 : Using default destination of 1 (file).
Message[305] C:\USERS\PERSONAL\DOCUMENTS\OSCAR\ING\MICROCOMPUTADORAS\VOLMETRO Y TEMPERATURA\VOLMETRO Y TEMPERATURA\RUTINASLCD.INC 51 : Using default destination of 1 (file).
Message[305] C:\USERS\PERSONAL\DOCUMENTS\OSCAR\ING\MICROCOMPUTADORAS\VOLMETRO Y TEMPERATURA\VOLMETRO Y TEMPERATURA\RUTINASLCD.INC 53 : Using default destination of 1 (file).
Message[305] C:\USERS\PERSONAL\DOCUMENTS\OSCAR\ING\MICROCOMPUTADORAS\VOLMETRO Y TEMPERATURA\VOLMETRO Y TEMPERATURA\RUTINASLCD.INC 55 : Using default destination of 1 (file).
Message[305] C:\USERS\PERSONAL\DOCUMENTS\OSCAR\ING\MICROCOMPUTADORAS\VOLMETRO Y TEMPERATURA\VOLMETRO Y TEMPERATURA\RUTINASLCD.INC 68 : Using default destination of 1 (file).
Message[305] C:\USERS\PERSONAL\DOCUMENTS\OSCAR\ING\MICROCOMPUTADORAS\VOLMETRO Y TEMPERATURA\VOLMETRO Y TEMPERATURA\RUTINASLCD.INC 70 : Using default destination of 1 (file).
Message[305] C:\USERS\PERSONAL\DOCUMENTS\OSCAR\ING\MICROCOMPUTADORAS\VOLMETRO Y TEMPERATURA\VOLMETRO Y TEMPERATURA\RUTINASLCD.INC 72 : Using default destination of 1 (file).
Warning[203] C:\USERS\PERSONAL\DOCUMENTS\OSCAR\ING\MICROCOMPUTADORAS\VOLMETRO Y TEMPERATURA\VOLMETRO Y TEMPERATURA\CARACTERPER.INC 258 : Found opcode in column 1. (RETURN)
Warning[203] C:\USERS\PERSONAL\DOCUMENTS\OSCAR\ING\MICROCOMPUTADORAS\VOLMETRO Y TEMPERATURA\VOLMETRO Y TEMPERATURA\CARACTERPER.INC 618 : Found opcode in column 1. (GOTO)
Warning[203] C:\USERS\PERSONAL\DOCUMENTS\OSCAR\ING\MICROCOMPUTADORAS\VOLMETRO Y TEMPERATURA\VOLMETRO Y TEMPERATURA\CARACTERPER.INC 625 : Found opcode in column 1. (GOTO)
Warning[203] C:\USERS\PERSONAL\DOCUMENTS\OSCAR\ING\MICROCOMPUTADORAS\VOLMETRO Y TEMPERATURA\VOLMETRO Y TEMPERATURA\CARACTERPER.INC 632 : Found opcode in column 1. (GOTO)
Warning[203] C:\USERS\PERSONAL\DOCUMENTS\OSCAR\ING\MICROCOMPUTADORAS\VOLMETRO Y TEMPERATURA\VOLMETRO Y TEMPERATURA\CARACTERPER.INC 639 : Found opcode in column 1. (GOTO)
Warning[203] C:\USERS\PERSONAL\DOCUMENTS\OSCAR\ING\MICROCOMPUTADORAS\VOLMETRO Y TEMPERATURA\VOLMETRO Y TEMPERATURA\CARACTERPER.INC 646 : Found opcode in column 1. (GOTO)
Warning[203] C:\USERS\PERSONAL\DOCUMENTS\OSCAR\ING\MICROCOMPUTADORAS\VOLMETRO Y TEMPERATURA\VOLMETRO Y TEMPERATURA\CARACTERPER.INC 653 : Found opcode in column 1. (GOTO)
Warning[203] C:\USERS\PERSONAL\DOCUMENTS\OSCAR\ING\MICROCOMPUTADORAS\VOLMETRO Y TEMPERATURA\VOLMETRO Y TEMPERATURA\CARACTERPER.INC 660 : Found opcode in column 1. (GOTO)
Warning[205] C:\USERS\PERSONAL\DOCUMENTS\OSCAR\ING\MICROCOMPUTADORAS\VOLMETRO Y TEMPERATURA\VOLMETRO Y TEMPERATURA\MAINVOLTEMP.ASM 102 : Found directive in column 1. (END)
